<?xml version="1.0" encoding="UTF-8"?>
<!-- Generated by org.testng.reporters.JUnitXMLReporter -->
<testsuite hostname="DESKTOP-QLSUIR3" ignored="1" name="Default test" tests="4" failures="0" timestamp="29 Dec 2020 15:16:51 GMT" time="164.651" errors="0">
  <testcase name="login" time="32.295" classname="IBM.AppiumAssignment.Testcases"/>
  <testcase name="joinClass" time="19.2" classname="IBM.AppiumAssignment.Testcases"/>
  <testcase name="manageTeachers" time="18.889" classname="IBM.AppiumAssignment.Testcases"/>
  <testcase name="enableAutoDownload" time="6.186" classname="IBM.AppiumAssignment.Testcases"/>
  <testcase name="termsOfService" time="0.0" classname="IBM.AppiumAssignment.Testcases">
    <ignored/>
  </testcase> <!-- termsOfService -->
</testsuite> <!-- Default test -->
